<?xml version="1.0" encoding="UTF-8"?>
<!-- Generated by org.testng.reporters.JUnitXMLReporter -->
<testsuite ignored="0" hostname="Debendra" failures="0" tests="8" name="Login Page Test edge" time="17.078" errors="0" timestamp="2026-05-09T23:51:13 IST">
  <testcase classname="com.qa.opencart.tests.LoginPageTest" name="footerTest" time="0.362"/>
  <testcase classname="com.qa.opencart.tests.LoginPageTest" name="footerTest" time="0.267"/>
  <testcase classname="com.qa.opencart.tests.LoginPageTest" name="footerTest" time="0.217"/>
  <testcase classname="com.qa.opencart.tests.LoginPageTest" name="forgotPwdLinkExistTest" time="1.128"/>
  <testcase classname="com.qa.opencart.tests.LoginPageTest" name="loginpageTitleTest" time="0.105"/>
  <testcase classname="com.qa.opencart.tests.LoginPageTest" name="loginpageUrlTest" time="0.05"/>
  <testcase classname="com.qa.opencart.tests.LoginPageTest" name="logoTest" time="1.274"/>
  <testcase classname="com.qa.opencart.tests.LoginPageTest" name="loginTest" time="7.117"/>
</testsuite> <!-- Login Page Test edge -->
