<?xml version="1.0" encoding="UTF-8"?>
<!-- Generated by org.testng.reporters.JUnitXMLReporter -->
<testsuite ignored="0" hostname="WIN-C3IPBAA2TBJ" failures="1" tests="11" name="Login Page Test" time="60.002" errors="0" timestamp="2026-04-18T08:03:12 IST">
  <testcase classname="com.qa.opencart.tests.LoginPageTest" name="footerTest" time="0.304"/>
  <testcase classname="com.qa.opencart.tests.LoginPageTest" name="footerTest" time="0.11"/>
  <testcase classname="com.qa.opencart.tests.LoginPageTest" name="footerTest" time="0.1"/>
  <testcase classname="com.qa.opencart.tests.LoginPageTest" name="forgotPwdLinkExistTest" time="0.902"/>
  <testcase classname="com.qa.opencart.tests.LoginPageTest" name="loginpageTitleTest" time="5.178">
    <skipped/>
  </testcase> <!-- loginpageTitleTest -->
  <testcase classname="com.qa.opencart.tests.LoginPageTest" name="loginpageTitleTest" time="5.114">
    <skipped/>
  </testcase> <!-- loginpageTitleTest -->
  <testcase classname="com.qa.opencart.tests.LoginPageTest" name="loginpageTitleTest" time="5.111">
    <skipped/>
  </testcase> <!-- loginpageTitleTest -->
  <testcase classname="com.qa.opencart.tests.LoginPageTest" name="loginpageTitleTest" time="5.151">
    <failure type="java.lang.AssertionError" message="==title is not matched== expected [Account Login11] but found [null]">
      <![CDATA[java.lang.AssertionError: ==title is not matched== expected [Account Login11] but found [null]
at org.testng.Assert.fail(Assert.java:110)
at org.testng.Assert.failNotEquals(Assert.java:1413)
at org.testng.Assert.assertEqualsImpl(Assert.java:149)
at org.testng.Assert.assertEquals(Assert.java:131)
at org.testng.Assert.assertEquals(Assert.java:655)
at com.qa.opencart.tests.LoginPageTest.loginpageTitleTest(LoginPageTest.java:18)
at java.base/jdk.internal.reflect.NativeMethodAccessorImpl.invoke0(Native Method)
at java.base/jdk.internal.reflect.NativeMethodAccessorImpl.invoke(NativeMethodAccessorImpl.java:77)
at java.base/jdk.internal.reflect.DelegatingMethodAccessorImpl.invoke(DelegatingMethodAccessorImpl.java:43)
at java.base/java.lang.reflect.Method.invoke(Method.java:568)
at org.testng.internal.invokers.MethodInvocationHelper.invokeMethod(MethodInvocationHelper.java:139)
at org.testng.internal.invokers.TestInvoker.invokeMethod(TestInvoker.java:677)
at org.testng.internal.invokers.TestInvoker.retryFailed(TestInvoker.java:263)
at org.testng.internal.invokers.MethodRunner.runInSequence(MethodRunner.java:62)
at org.testng.internal.invokers.TestInvoker$MethodInvocationAgent.invoke(TestInvoker.java:969)
at org.testng.internal.invokers.TestInvoker.invokeTestMethods(TestInvoker.java:194)
at org.testng.internal.invokers.TestMethodWorker.invokeTestMethods(TestMethodWorker.java:148)
at org.testng.internal.invokers.TestMethodWorker.run(TestMethodWorker.java:128)
at java.base/java.util.ArrayList.forEach(ArrayList.java:1511)
at org.testng.TestRunner.privateRun(TestRunner.java:829)
at org.testng.TestRunner.run(TestRunner.java:602)
at org.testng.SuiteRunner.runTest(SuiteRunner.java:437)
at org.testng.SuiteRunner$SuiteWorker.run(SuiteRunner.java:475)
at org.testng.internal.thread.ThreadUtil.lambda$execute$0(ThreadUtil.java:58)
at java.base/java.util.concurrent.FutureTask.run(FutureTask.java:264)
at java.base/java.util.concurrent.ThreadPoolExecutor.runWorker(ThreadPoolExecutor.java:1136)
at java.base/java.util.concurrent.ThreadPoolExecutor$Worker.run(ThreadPoolExecutor.java:635)
at java.base/java.lang.Thread.run(Thread.java:840)
]]>
    </failure>
  </testcase> <!-- loginpageTitleTest -->
  <testcase classname="com.qa.opencart.tests.LoginPageTest" name="loginpageUrlTest" time="0.015"/>
  <testcase classname="com.qa.opencart.tests.LoginPageTest" name="logoTest" time="0.741"/>
  <testcase classname="com.qa.opencart.tests.LoginPageTest" name="loginTest" time="3.059"/>
</testsuite> <!-- Login Page Test -->
