<?xml version="1.0" encoding="UTF-8"?>
<!-- Generated by org.testng.reporters.JUnitXMLReporter -->
<testsuite ignored="0" hostname="Debendra" failures="0" tests="8" name="Login Page Test firefox" time="133.888" errors="0" timestamp="2026-05-09T23:31:39 IST">
  <testcase classname="com.qa.opencart.tests.LoginPageTest" name="footerTest" time="0.685"/>
  <testcase classname="com.qa.opencart.tests.LoginPageTest" name="footerTest" time="0.322"/>
  <testcase classname="com.qa.opencart.tests.LoginPageTest" name="footerTest" time="1.055"/>
  <testcase classname="com.qa.opencart.tests.LoginPageTest" name="forgotPwdLinkExistTest" time="1.01"/>
  <testcase classname="com.qa.opencart.tests.LoginPageTest" name="loginpageTitleTest" time="0.015"/>
  <testcase classname="com.qa.opencart.tests.LoginPageTest" name="loginpageUrlTest" time="0.014"/>
  <testcase classname="com.qa.opencart.tests.LoginPageTest" name="logoTest" time="0.722"/>
  <testcase classname="com.qa.opencart.tests.LoginPageTest" name="loginTest" time="3.193"/>
</testsuite> <!-- Login Page Test firefox -->
