<?xml version="1.0" encoding="UTF-8"?>
<!-- Generated by org.testng.reporters.JUnitXMLReporter -->
<testsuite ignored="0" hostname="Debendra" failures="0" tests="8" name="Login Page Test chrome" time="13.489" errors="0" timestamp="2026-05-09T23:29:39 IST">
  <testcase classname="com.qa.opencart.tests.LoginPageTest" name="footerTest" time="1.312"/>
  <testcase classname="com.qa.opencart.tests.LoginPageTest" name="footerTest" time="0.278"/>
  <testcase classname="com.qa.opencart.tests.LoginPageTest" name="footerTest" time="0.177"/>
  <testcase classname="com.qa.opencart.tests.LoginPageTest" name="forgotPwdLinkExistTest" time="0.889"/>
  <testcase classname="com.qa.opencart.tests.LoginPageTest" name="loginpageTitleTest" time="0.034"/>
  <testcase classname="com.qa.opencart.tests.LoginPageTest" name="loginpageUrlTest" time="0.034"/>
  <testcase classname="com.qa.opencart.tests.LoginPageTest" name="logoTest" time="0.883"/>
  <testcase classname="com.qa.opencart.tests.LoginPageTest" name="loginTest" time="5.207"/>
</testsuite> <!-- Login Page Test chrome -->
