<?xml version="1.0" encoding="UTF-8"?>
<!-- Generated by org.testng.reporters.JUnitXMLReporter -->
<testsuite ignored="2" hostname="WIN-C3IPBAA2TBJ" failures="0" tests="8" name="Product Info Page" time="62.126" errors="0" timestamp="2026-04-17T00:27:56 IST">
  <testcase classname="com.qa.opencart.tests.ProductInfoPageTest" name="AddProductandGoToShoppingcartpage" time="12.685"/>
  <testcase classname="com.qa.opencart.tests.ProductInfoPageTest" name="productImageCountTest" time="4.829"/>
  <testcase classname="com.qa.opencart.tests.ProductInfoPageTest" name="productImageCountTest" time="4.753"/>
  <testcase classname="com.qa.opencart.tests.ProductInfoPageTest" name="productImageCountTest" time="4.953"/>
  <testcase classname="com.qa.opencart.tests.ProductInfoPageTest" name="productInfoTest" time="5.542"/>
  <testcase classname="com.qa.opencart.tests.ProductInfoPageTest" name="productSearchHeaderTest" time="4.452"/>
  <testcase classname="com.qa.opencart.tests.ProductInfoPageTest" name="productSearchHeaderTest" time="4.504"/>
  <testcase classname="com.qa.opencart.tests.ProductInfoPageTest" name="productSearchHeaderTest" time="4.588"/>
  <testcase classname="com.qa.opencart.tests.ProductInfoPageTest" name="footerTest" time="0.0">
    <ignored/>
  </testcase> <!-- footerTest -->
  <testcase classname="com.qa.opencart.tests.ProductInfoPageTest" name="logoTest" time="0.0">
    <ignored/>
  </testcase> <!-- logoTest -->
</testsuite> <!-- Product Info Page -->
