<?xml version="1.0" encoding="UTF-8"?>
<testng-results ignored="2" total="11" passed="0" failed="0" skipped="9">
  <reporter-output>
  </reporter-output>
  <suite started-at="2026-05-10T07:09:13 IST" name="Opencart App Test Regression Suite" finished-at="2026-05-10T07:09:36 IST" duration-ms="22400">
    <groups>
    </groups>
    <test started-at="2026-05-10T07:09:13 IST" name="Home Page Test1" finished-at="2026-05-10T07:09:36 IST" duration-ms="22400">
      <class name="com.qa.opencart.tests.HomePageTest">
        <test-method is-config="true" signature="setup(java.lang.String)[pri:0, instance:com.qa.opencart.tests.HomePageTest@71f1cc02]" started-at="2026-05-10T07:09:14 IST" name="setup" finished-at="2026-05-10T07:09:35 IST" duration-ms="21735" status="FAIL">
          <params>
            <param index="0">
              <value>
                <![CDATA[chrome]]>
              </value>
            </param>
          </params>
          <exception class="org.openqa.selenium.SessionNotCreatedException">
            <message>
              <![CDATA[Could not start a new session. Possible causes are invalid address of the remote server or browser start-up failure. 
Host info: host: 'DEBENDRA', ip: '192.168.1.7']]>
            </message>
            <full-stacktrace>
              <![CDATA[org.openqa.selenium.SessionNotCreatedException: Could not start a new session. Possible causes are invalid address of the remote server or browser start-up failure. 
Host info: host: 'DEBENDRA', ip: '192.168.1.7'
at org.openqa.selenium.remote.RemoteWebDriver.execute(RemoteWebDriver.java:582)
at org.openqa.selenium.remote.RemoteWebDriver.startSession(RemoteWebDriver.java:250)
at org.openqa.selenium.remote.RemoteWebDriver.<init>(RemoteWebDriver.java:178)
at org.openqa.selenium.chromium.ChromiumDriver.<init>(ChromiumDriver.java:109)
at org.openqa.selenium.chrome.ChromeDriver.<init>(ChromeDriver.java:88)
at org.openqa.selenium.chrome.ChromeDriver.<init>(ChromeDriver.java:83)
at org.openqa.selenium.chrome.ChromeDriver.<init>(ChromeDriver.java:72)
at com.qa.opencart.factory.DriverFactory.initDriver(DriverFactory.java:40)
at com.qa.opencart.base.BaseTest.setup(BaseTest.java:52)
at java.base/jdk.internal.reflect.NativeMethodAccessorImpl.invoke0(Native Method)
at java.base/jdk.internal.reflect.NativeMethodAccessorImpl.invoke(NativeMethodAccessorImpl.java:77)
at java.base/jdk.internal.reflect.DelegatingMethodAccessorImpl.invoke(DelegatingMethodAccessorImpl.java:43)
at java.base/java.lang.reflect.Method.invoke(Method.java:568)
at org.testng.internal.invokers.MethodInvocationHelper.invokeMethod(MethodInvocationHelper.java:139)
at org.testng.internal.invokers.MethodInvocationHelper.invokeMethodConsideringTimeout(MethodInvocationHelper.java:69)
at org.testng.internal.invokers.ConfigInvoker.invokeConfigurationMethod(ConfigInvoker.java:361)
at org.testng.internal.invokers.ConfigInvoker.invokeConfigurations(ConfigInvoker.java:296)
at org.testng.TestRunner.invokeTestConfigurations(TestRunner.java:644)
at org.testng.TestRunner.beforeRun(TestRunner.java:633)
at org.testng.TestRunner.run(TestRunner.java:595)
at org.testng.SuiteRunner.runTest(SuiteRunner.java:437)
at org.testng.SuiteRunner$SuiteWorker.run(SuiteRunner.java:475)
at org.testng.internal.thread.ThreadUtil.lambda$execute$0(ThreadUtil.java:58)
at java.base/java.util.concurrent.FutureTask.run(FutureTask.java:264)
at java.base/java.util.concurrent.ThreadPoolExecutor.runWorker(ThreadPoolExecutor.java:1136)
at java.base/java.util.concurrent.ThreadPoolExecutor$Worker.run(ThreadPoolExecutor.java:635)
at java.base/java.lang.Thread.run(Thread.java:842)
Caused by: org.openqa.selenium.WebDriverException: Timed out waiting for driver server to bind the port.
Build info: version: '4.39.0', revision: '126f156aee'
System info: os.name: 'Windows 11', os.arch: 'amd64', os.version: '10.0', java.version: '17.0.18'
Driver info: driver.version: ChromeDriver
at org.openqa.selenium.remote.service.DriverService.start(DriverService.java:257)
at org.openqa.selenium.remote.service.DriverCommandExecutor.execute(DriverCommandExecutor.java:117)
at org.openqa.selenium.remote.RemoteWebDriver.execute(RemoteWebDriver.java:561)
... 26 more
]]>
            </full-stacktrace>
          </exception> <!-- org.openqa.selenium.SessionNotCreatedException -->
          <reporter-output>
          </reporter-output>
        </test-method> <!-- setup -->
        <test-method is-config="true" signature="homepageSetup()[pri:0, instance:com.qa.opencart.tests.HomePageTest@71f1cc02]" started-at="2026-05-10T07:09:35 IST" name="homepageSetup" finished-at="2026-05-10T07:09:35 IST" duration-ms="0" status="SKIP">
          <reporter-output>
          </reporter-output>
        </test-method> <!-- homepageSetup -->
        <test-method signature="headerTest()[pri:0, instance:com.qa.opencart.tests.HomePageTest@71f1cc02]" started-at="2026-05-10T07:09:35 IST" name="headerTest" finished-at="2026-05-10T07:09:35 IST" duration-ms="0" status="SKIP">
          <exception class="org.openqa.selenium.SessionNotCreatedException">
            <message>
              <![CDATA[Could not start a new session. Possible causes are invalid address of the remote server or browser start-up failure. 
Host info: host: 'DEBENDRA', ip: '192.168.1.7']]>
            </message>
            <full-stacktrace>
              <![CDATA[org.openqa.selenium.SessionNotCreatedException: Could not start a new session. Possible causes are invalid address of the remote server or browser start-up failure. 
Host info: host: 'DEBENDRA', ip: '192.168.1.7'
at org.openqa.selenium.remote.RemoteWebDriver.execute(RemoteWebDriver.java:582)
at org.openqa.selenium.remote.RemoteWebDriver.startSession(RemoteWebDriver.java:250)
at org.openqa.selenium.remote.RemoteWebDriver.<init>(RemoteWebDriver.java:178)
at org.openqa.selenium.chromium.ChromiumDriver.<init>(ChromiumDriver.java:109)
at org.openqa.selenium.chrome.ChromeDriver.<init>(ChromeDriver.java:88)
at org.openqa.selenium.chrome.ChromeDriver.<init>(ChromeDriver.java:83)
at org.openqa.selenium.chrome.ChromeDriver.<init>(ChromeDriver.java:72)
at com.qa.opencart.factory.DriverFactory.initDriver(DriverFactory.java:40)
at com.qa.opencart.base.BaseTest.setup(BaseTest.java:52)
at java.base/jdk.internal.reflect.NativeMethodAccessorImpl.invoke0(Native Method)
at java.base/jdk.internal.reflect.NativeMethodAccessorImpl.invoke(NativeMethodAccessorImpl.java:77)
at java.base/jdk.internal.reflect.DelegatingMethodAccessorImpl.invoke(DelegatingMethodAccessorImpl.java:43)
at java.base/java.lang.reflect.Method.invoke(Method.java:568)
at org.testng.internal.invokers.MethodInvocationHelper.invokeMethod(MethodInvocationHelper.java:139)
at org.testng.internal.invokers.MethodInvocationHelper.invokeMethodConsideringTimeout(MethodInvocationHelper.java:69)
at org.testng.internal.invokers.ConfigInvoker.invokeConfigurationMethod(ConfigInvoker.java:361)
at org.testng.internal.invokers.ConfigInvoker.invokeConfigurations(ConfigInvoker.java:296)
at org.testng.TestRunner.invokeTestConfigurations(TestRunner.java:644)
at org.testng.TestRunner.beforeRun(TestRunner.java:633)
at org.testng.TestRunner.run(TestRunner.java:595)
at org.testng.SuiteRunner.runTest(SuiteRunner.java:437)
at org.testng.SuiteRunner$SuiteWorker.run(SuiteRunner.java:475)
at org.testng.internal.thread.ThreadUtil.lambda$execute$0(ThreadUtil.java:58)
at java.base/java.util.concurrent.FutureTask.run(FutureTask.java:264)
at java.base/java.util.concurrent.ThreadPoolExecutor.runWorker(ThreadPoolExecutor.java:1136)
at java.base/java.util.concurrent.ThreadPoolExecutor$Worker.run(ThreadPoolExecutor.java:635)
at java.base/java.lang.Thread.run(Thread.java:842)
Caused by: org.openqa.selenium.WebDriverException: Timed out waiting for driver server to bind the port.
Build info: version: '4.39.0', revision: '126f156aee'
System info: os.name: 'Windows 11', os.arch: 'amd64', os.version: '10.0', java.version: '17.0.18'
Driver info: driver.version: ChromeDriver
at org.openqa.selenium.remote.service.DriverService.start(DriverService.java:257)
at org.openqa.selenium.remote.service.DriverCommandExecutor.execute(DriverCommandExecutor.java:117)
at org.openqa.selenium.remote.RemoteWebDriver.execute(RemoteWebDriver.java:561)
... 26 more
]]>
            </full-stacktrace>
          </exception> <!-- org.openqa.selenium.SessionNotCreatedException -->
          <reporter-output>
          </reporter-output>
        </test-method> <!-- headerTest -->
        <test-method is-config="true" signature="attachScreenshot(org.testng.ITestResult)[pri:0, instance:com.qa.opencart.tests.HomePageTest@71f1cc02]" started-at="2026-05-10T07:09:35 IST" name="attachScreenshot" finished-at="2026-05-10T07:09:35 IST" duration-ms="0" status="SKIP">
          <reporter-output>
          </reporter-output>
        </test-method> <!-- attachScreenshot -->
        <test-method signature="homePageTitleTest()[pri:0, instance:com.qa.opencart.tests.HomePageTest@71f1cc02]" started-at="2026-05-10T07:09:35 IST" name="homePageTitleTest" finished-at="2026-05-10T07:09:35 IST" duration-ms="0" status="SKIP">
          <exception class="org.openqa.selenium.SessionNotCreatedException">
            <message>
              <![CDATA[Could not start a new session. Possible causes are invalid address of the remote server or browser start-up failure. 
Host info: host: 'DEBENDRA', ip: '192.168.1.7']]>
            </message>
            <full-stacktrace>
              <![CDATA[org.openqa.selenium.SessionNotCreatedException: Could not start a new session. Possible causes are invalid address of the remote server or browser start-up failure. 
Host info: host: 'DEBENDRA', ip: '192.168.1.7'
at org.openqa.selenium.remote.RemoteWebDriver.execute(RemoteWebDriver.java:582)
at org.openqa.selenium.remote.RemoteWebDriver.startSession(RemoteWebDriver.java:250)
at org.openqa.selenium.remote.RemoteWebDriver.<init>(RemoteWebDriver.java:178)
at org.openqa.selenium.chromium.ChromiumDriver.<init>(ChromiumDriver.java:109)
at org.openqa.selenium.chrome.ChromeDriver.<init>(ChromeDriver.java:88)
at org.openqa.selenium.chrome.ChromeDriver.<init>(ChromeDriver.java:83)
at org.openqa.selenium.chrome.ChromeDriver.<init>(ChromeDriver.java:72)
at com.qa.opencart.factory.DriverFactory.initDriver(DriverFactory.java:40)
at com.qa.opencart.base.BaseTest.setup(BaseTest.java:52)
at java.base/jdk.internal.reflect.NativeMethodAccessorImpl.invoke0(Native Method)
at java.base/jdk.internal.reflect.NativeMethodAccessorImpl.invoke(NativeMethodAccessorImpl.java:77)
at java.base/jdk.internal.reflect.DelegatingMethodAccessorImpl.invoke(DelegatingMethodAccessorImpl.java:43)
at java.base/java.lang.reflect.Method.invoke(Method.java:568)
at org.testng.internal.invokers.MethodInvocationHelper.invokeMethod(MethodInvocationHelper.java:139)
at org.testng.internal.invokers.MethodInvocationHelper.invokeMethodConsideringTimeout(MethodInvocationHelper.java:69)
at org.testng.internal.invokers.ConfigInvoker.invokeConfigurationMethod(ConfigInvoker.java:361)
at org.testng.internal.invokers.ConfigInvoker.invokeConfigurations(ConfigInvoker.java:296)
at org.testng.TestRunner.invokeTestConfigurations(TestRunner.java:644)
at org.testng.TestRunner.beforeRun(TestRunner.java:633)
at org.testng.TestRunner.run(TestRunner.java:595)
at org.testng.SuiteRunner.runTest(SuiteRunner.java:437)
at org.testng.SuiteRunner$SuiteWorker.run(SuiteRunner.java:475)
at org.testng.internal.thread.ThreadUtil.lambda$execute$0(ThreadUtil.java:58)
at java.base/java.util.concurrent.FutureTask.run(FutureTask.java:264)
at java.base/java.util.concurrent.ThreadPoolExecutor.runWorker(ThreadPoolExecutor.java:1136)
at java.base/java.util.concurrent.ThreadPoolExecutor$Worker.run(ThreadPoolExecutor.java:635)
at java.base/java.lang.Thread.run(Thread.java:842)
Caused by: org.openqa.selenium.WebDriverException: Timed out waiting for driver server to bind the port.
Build info: version: '4.39.0', revision: '126f156aee'
System info: os.name: 'Windows 11', os.arch: 'amd64', os.version: '10.0', java.version: '17.0.18'
Driver info: driver.version: ChromeDriver
at org.openqa.selenium.remote.service.DriverService.start(DriverService.java:257)
at org.openqa.selenium.remote.service.DriverCommandExecutor.execute(DriverCommandExecutor.java:117)
at org.openqa.selenium.remote.RemoteWebDriver.execute(RemoteWebDriver.java:561)
... 26 more
]]>
            </full-stacktrace>
          </exception> <!-- org.openqa.selenium.SessionNotCreatedException -->
          <reporter-output>
          </reporter-output>
        </test-method> <!-- homePageTitleTest -->
        <test-method is-config="true" signature="attachScreenshot(org.testng.ITestResult)[pri:0, instance:com.qa.opencart.tests.HomePageTest@71f1cc02]" started-at="2026-05-10T07:09:35 IST" name="attachScreenshot" finished-at="2026-05-10T07:09:35 IST" duration-ms="0" status="SKIP">
          <reporter-output>
          </reporter-output>
        </test-method> <!-- attachScreenshot -->
        <test-method signature="homePageUrlTest()[pri:0, instance:com.qa.opencart.tests.HomePageTest@71f1cc02]" started-at="2026-05-10T07:09:35 IST" name="homePageUrlTest" finished-at="2026-05-10T07:09:35 IST" duration-ms="0" status="SKIP">
          <exception class="org.openqa.selenium.SessionNotCreatedException">
            <message>
              <![CDATA[Could not start a new session. Possible causes are invalid address of the remote server or browser start-up failure. 
Host info: host: 'DEBENDRA', ip: '192.168.1.7']]>
            </message>
            <full-stacktrace>
              <![CDATA[org.openqa.selenium.SessionNotCreatedException: Could not start a new session. Possible causes are invalid address of the remote server or browser start-up failure. 
Host info: host: 'DEBENDRA', ip: '192.168.1.7'
at org.openqa.selenium.remote.RemoteWebDriver.execute(RemoteWebDriver.java:582)
at org.openqa.selenium.remote.RemoteWebDriver.startSession(RemoteWebDriver.java:250)
at org.openqa.selenium.remote.RemoteWebDriver.<init>(RemoteWebDriver.java:178)
at org.openqa.selenium.chromium.ChromiumDriver.<init>(ChromiumDriver.java:109)
at org.openqa.selenium.chrome.ChromeDriver.<init>(ChromeDriver.java:88)
at org.openqa.selenium.chrome.ChromeDriver.<init>(ChromeDriver.java:83)
at org.openqa.selenium.chrome.ChromeDriver.<init>(ChromeDriver.java:72)
at com.qa.opencart.factory.DriverFactory.initDriver(DriverFactory.java:40)
at com.qa.opencart.base.BaseTest.setup(BaseTest.java:52)
at java.base/jdk.internal.reflect.NativeMethodAccessorImpl.invoke0(Native Method)
at java.base/jdk.internal.reflect.NativeMethodAccessorImpl.invoke(NativeMethodAccessorImpl.java:77)
at java.base/jdk.internal.reflect.DelegatingMethodAccessorImpl.invoke(DelegatingMethodAccessorImpl.java:43)
at java.base/java.lang.reflect.Method.invoke(Method.java:568)
at org.testng.internal.invokers.MethodInvocationHelper.invokeMethod(MethodInvocationHelper.java:139)
at org.testng.internal.invokers.MethodInvocationHelper.invokeMethodConsideringTimeout(MethodInvocationHelper.java:69)
at org.testng.internal.invokers.ConfigInvoker.invokeConfigurationMethod(ConfigInvoker.java:361)
at org.testng.internal.invokers.ConfigInvoker.invokeConfigurations(ConfigInvoker.java:296)
at org.testng.TestRunner.invokeTestConfigurations(TestRunner.java:644)
at org.testng.TestRunner.beforeRun(TestRunner.java:633)
at org.testng.TestRunner.run(TestRunner.java:595)
at org.testng.SuiteRunner.runTest(SuiteRunner.java:437)
at org.testng.SuiteRunner$SuiteWorker.run(SuiteRunner.java:475)
at org.testng.internal.thread.ThreadUtil.lambda$execute$0(ThreadUtil.java:58)
at java.base/java.util.concurrent.FutureTask.run(FutureTask.java:264)
at java.base/java.util.concurrent.ThreadPoolExecutor.runWorker(ThreadPoolExecutor.java:1136)
at java.base/java.util.concurrent.ThreadPoolExecutor$Worker.run(ThreadPoolExecutor.java:635)
at java.base/java.lang.Thread.run(Thread.java:842)
Caused by: org.openqa.selenium.WebDriverException: Timed out waiting for driver server to bind the port.
Build info: version: '4.39.0', revision: '126f156aee'
System info: os.name: 'Windows 11', os.arch: 'amd64', os.version: '10.0', java.version: '17.0.18'
Driver info: driver.version: ChromeDriver
at org.openqa.selenium.remote.service.DriverService.start(DriverService.java:257)
at org.openqa.selenium.remote.service.DriverCommandExecutor.execute(DriverCommandExecutor.java:117)
at org.openqa.selenium.remote.RemoteWebDriver.execute(RemoteWebDriver.java:561)
... 26 more
]]>
            </full-stacktrace>
          </exception> <!-- org.openqa.selenium.SessionNotCreatedException -->
          <reporter-output>
          </reporter-output>
        </test-method> <!-- homePageUrlTest -->
        <test-method is-config="true" signature="attachScreenshot(org.testng.ITestResult)[pri:0, instance:com.qa.opencart.tests.HomePageTest@71f1cc02]" started-at="2026-05-10T07:09:35 IST" name="attachScreenshot" finished-at="2026-05-10T07:09:35 IST" duration-ms="0" status="SKIP">
          <reporter-output>
          </reporter-output>
        </test-method> <!-- attachScreenshot -->
        <test-method signature="logoutLinkExistTest()[pri:0, instance:com.qa.opencart.tests.HomePageTest@71f1cc02]" started-at="2026-05-10T07:09:35 IST" name="logoutLinkExistTest" finished-at="2026-05-10T07:09:35 IST" duration-ms="0" status="SKIP">
          <exception class="org.openqa.selenium.SessionNotCreatedException">
            <message>
              <![CDATA[Could not start a new session. Possible causes are invalid address of the remote server or browser start-up failure. 
Host info: host: 'DEBENDRA', ip: '192.168.1.7']]>
            </message>
            <full-stacktrace>
              <![CDATA[org.openqa.selenium.SessionNotCreatedException: Could not start a new session. Possible causes are invalid address of the remote server or browser start-up failure. 
Host info: host: 'DEBENDRA', ip: '192.168.1.7'
at org.openqa.selenium.remote.RemoteWebDriver.execute(RemoteWebDriver.java:582)
at org.openqa.selenium.remote.RemoteWebDriver.startSession(RemoteWebDriver.java:250)
at org.openqa.selenium.remote.RemoteWebDriver.<init>(RemoteWebDriver.java:178)
at org.openqa.selenium.chromium.ChromiumDriver.<init>(ChromiumDriver.java:109)
at org.openqa.selenium.chrome.ChromeDriver.<init>(ChromeDriver.java:88)
at org.openqa.selenium.chrome.ChromeDriver.<init>(ChromeDriver.java:83)
at org.openqa.selenium.chrome.ChromeDriver.<init>(ChromeDriver.java:72)
at com.qa.opencart.factory.DriverFactory.initDriver(DriverFactory.java:40)
at com.qa.opencart.base.BaseTest.setup(BaseTest.java:52)
at java.base/jdk.internal.reflect.NativeMethodAccessorImpl.invoke0(Native Method)
at java.base/jdk.internal.reflect.NativeMethodAccessorImpl.invoke(NativeMethodAccessorImpl.java:77)
at java.base/jdk.internal.reflect.DelegatingMethodAccessorImpl.invoke(DelegatingMethodAccessorImpl.java:43)
at java.base/java.lang.reflect.Method.invoke(Method.java:568)
at org.testng.internal.invokers.MethodInvocationHelper.invokeMethod(MethodInvocationHelper.java:139)
at org.testng.internal.invokers.MethodInvocationHelper.invokeMethodConsideringTimeout(MethodInvocationHelper.java:69)
at org.testng.internal.invokers.ConfigInvoker.invokeConfigurationMethod(ConfigInvoker.java:361)
at org.testng.internal.invokers.ConfigInvoker.invokeConfigurations(ConfigInvoker.java:296)
at org.testng.TestRunner.invokeTestConfigurations(TestRunner.java:644)
at org.testng.TestRunner.beforeRun(TestRunner.java:633)
at org.testng.TestRunner.run(TestRunner.java:595)
at org.testng.SuiteRunner.runTest(SuiteRunner.java:437)
at org.testng.SuiteRunner$SuiteWorker.run(SuiteRunner.java:475)
at org.testng.internal.thread.ThreadUtil.lambda$execute$0(ThreadUtil.java:58)
at java.base/java.util.concurrent.FutureTask.run(FutureTask.java:264)
at java.base/java.util.concurrent.ThreadPoolExecutor.runWorker(ThreadPoolExecutor.java:1136)
at java.base/java.util.concurrent.ThreadPoolExecutor$Worker.run(ThreadPoolExecutor.java:635)
at java.base/java.lang.Thread.run(Thread.java:842)
Caused by: org.openqa.selenium.WebDriverException: Timed out waiting for driver server to bind the port.
Build info: version: '4.39.0', revision: '126f156aee'
System info: os.name: 'Windows 11', os.arch: 'amd64', os.version: '10.0', java.version: '17.0.18'
Driver info: driver.version: ChromeDriver
at org.openqa.selenium.remote.service.DriverService.start(DriverService.java:257)
at org.openqa.selenium.remote.service.DriverCommandExecutor.execute(DriverCommandExecutor.java:117)
at org.openqa.selenium.remote.RemoteWebDriver.execute(RemoteWebDriver.java:561)
... 26 more
]]>
            </full-stacktrace>
          </exception> <!-- org.openqa.selenium.SessionNotCreatedException -->
          <reporter-output>
          </reporter-output>
        </test-method> <!-- logoutLinkExistTest -->
        <test-method is-config="true" signature="attachScreenshot(org.testng.ITestResult)[pri:0, instance:com.qa.opencart.tests.HomePageTest@71f1cc02]" started-at="2026-05-10T07:09:35 IST" name="attachScreenshot" finished-at="2026-05-10T07:09:35 IST" duration-ms="0" status="SKIP">
          <reporter-output>
          </reporter-output>
        </test-method> <!-- attachScreenshot -->
        <test-method signature="SearchTest(java.lang.String,int)[pri:1, instance:com.qa.opencart.tests.HomePageTest@71f1cc02]" started-at="2026-05-10T07:09:35 IST" name="SearchTest" data-provider="getSearchData" finished-at="2026-05-10T07:09:35 IST" duration-ms="0" status="SKIP">
          <params>
            <param index="0">
              <value>
                <![CDATA[macbook]]>
              </value>
            </param>
            <param index="1">
              <value>
                <![CDATA[4]]>
              </value>
            </param>
          </params>
          <exception class="org.openqa.selenium.SessionNotCreatedException">
            <message>
              <![CDATA[Could not start a new session. Possible causes are invalid address of the remote server or browser start-up failure. 
Host info: host: 'DEBENDRA', ip: '192.168.1.7']]>
            </message>
            <full-stacktrace>
              <![CDATA[org.openqa.selenium.SessionNotCreatedException: Could not start a new session. Possible causes are invalid address of the remote server or browser start-up failure. 
Host info: host: 'DEBENDRA', ip: '192.168.1.7'
at org.openqa.selenium.remote.RemoteWebDriver.execute(RemoteWebDriver.java:582)
at org.openqa.selenium.remote.RemoteWebDriver.startSession(RemoteWebDriver.java:250)
at org.openqa.selenium.remote.RemoteWebDriver.<init>(RemoteWebDriver.java:178)
at org.openqa.selenium.chromium.ChromiumDriver.<init>(ChromiumDriver.java:109)
at org.openqa.selenium.chrome.ChromeDriver.<init>(ChromeDriver.java:88)
at org.openqa.selenium.chrome.ChromeDriver.<init>(ChromeDriver.java:83)
at org.openqa.selenium.chrome.ChromeDriver.<init>(ChromeDriver.java:72)
at com.qa.opencart.factory.DriverFactory.initDriver(DriverFactory.java:40)
at com.qa.opencart.base.BaseTest.setup(BaseTest.java:52)
at java.base/jdk.internal.reflect.NativeMethodAccessorImpl.invoke0(Native Method)
at java.base/jdk.internal.reflect.NativeMethodAccessorImpl.invoke(NativeMethodAccessorImpl.java:77)
at java.base/jdk.internal.reflect.DelegatingMethodAccessorImpl.invoke(DelegatingMethodAccessorImpl.java:43)
at java.base/java.lang.reflect.Method.invoke(Method.java:568)
at org.testng.internal.invokers.MethodInvocationHelper.invokeMethod(MethodInvocationHelper.java:139)
at org.testng.internal.invokers.MethodInvocationHelper.invokeMethodConsideringTimeout(MethodInvocationHelper.java:69)
at org.testng.internal.invokers.ConfigInvoker.invokeConfigurationMethod(ConfigInvoker.java:361)
at org.testng.internal.invokers.ConfigInvoker.invokeConfigurations(ConfigInvoker.java:296)
at org.testng.TestRunner.invokeTestConfigurations(TestRunner.java:644)
at org.testng.TestRunner.beforeRun(TestRunner.java:633)
at org.testng.TestRunner.run(TestRunner.java:595)
at org.testng.SuiteRunner.runTest(SuiteRunner.java:437)
at org.testng.SuiteRunner$SuiteWorker.run(SuiteRunner.java:475)
at org.testng.internal.thread.ThreadUtil.lambda$execute$0(ThreadUtil.java:58)
at java.base/java.util.concurrent.FutureTask.run(FutureTask.java:264)
at java.base/java.util.concurrent.ThreadPoolExecutor.runWorker(ThreadPoolExecutor.java:1136)
at java.base/java.util.concurrent.ThreadPoolExecutor$Worker.run(ThreadPoolExecutor.java:635)
at java.base/java.lang.Thread.run(Thread.java:842)
Caused by: org.openqa.selenium.WebDriverException: Timed out waiting for driver server to bind the port.
Build info: version: '4.39.0', revision: '126f156aee'
System info: os.name: 'Windows 11', os.arch: 'amd64', os.version: '10.0', java.version: '17.0.18'
Driver info: driver.version: ChromeDriver
at org.openqa.selenium.remote.service.DriverService.start(DriverService.java:257)
at org.openqa.selenium.remote.service.DriverCommandExecutor.execute(DriverCommandExecutor.java:117)
at org.openqa.selenium.remote.RemoteWebDriver.execute(RemoteWebDriver.java:561)
... 26 more
]]>
            </full-stacktrace>
          </exception> <!-- org.openqa.selenium.SessionNotCreatedException -->
          <reporter-output>
          </reporter-output>
        </test-method> <!-- SearchTest -->
        <test-method is-config="true" signature="attachScreenshot(org.testng.ITestResult)[pri:0, instance:com.qa.opencart.tests.HomePageTest@71f1cc02]" started-at="2026-05-10T07:09:35 IST" name="attachScreenshot" finished-at="2026-05-10T07:09:35 IST" duration-ms="0" status="SKIP">
          <reporter-output>
          </reporter-output>
        </test-method> <!-- attachScreenshot -->
        <test-method signature="SearchTest(java.lang.String,int)[pri:1, instance:com.qa.opencart.tests.HomePageTest@71f1cc02]" started-at="2026-05-10T07:09:35 IST" name="SearchTest" data-provider="getSearchData" finished-at="2026-05-10T07:09:35 IST" duration-ms="0" status="SKIP">
          <params>
            <param index="0">
              <value>
                <![CDATA[imac]]>
              </value>
            </param>
            <param index="1">
              <value>
                <![CDATA[1]]>
              </value>
            </param>
          </params>
          <exception class="org.openqa.selenium.SessionNotCreatedException">
            <message>
              <![CDATA[Could not start a new session. Possible causes are invalid address of the remote server or browser start-up failure. 
Host info: host: 'DEBENDRA', ip: '192.168.1.7']]>
            </message>
            <full-stacktrace>
              <![CDATA[org.openqa.selenium.SessionNotCreatedException: Could not start a new session. Possible causes are invalid address of the remote server or browser start-up failure. 
Host info: host: 'DEBENDRA', ip: '192.168.1.7'
at org.openqa.selenium.remote.RemoteWebDriver.execute(RemoteWebDriver.java:582)
at org.openqa.selenium.remote.RemoteWebDriver.startSession(RemoteWebDriver.java:250)
at org.openqa.selenium.remote.RemoteWebDriver.<init>(RemoteWebDriver.java:178)
at org.openqa.selenium.chromium.ChromiumDriver.<init>(ChromiumDriver.java:109)
at org.openqa.selenium.chrome.ChromeDriver.<init>(ChromeDriver.java:88)
at org.openqa.selenium.chrome.ChromeDriver.<init>(ChromeDriver.java:83)
at org.openqa.selenium.chrome.ChromeDriver.<init>(ChromeDriver.java:72)
at com.qa.opencart.factory.DriverFactory.initDriver(DriverFactory.java:40)
at com.qa.opencart.base.BaseTest.setup(BaseTest.java:52)
at java.base/jdk.internal.reflect.NativeMethodAccessorImpl.invoke0(Native Method)
at java.base/jdk.internal.reflect.NativeMethodAccessorImpl.invoke(NativeMethodAccessorImpl.java:77)
at java.base/jdk.internal.reflect.DelegatingMethodAccessorImpl.invoke(DelegatingMethodAccessorImpl.java:43)
at java.base/java.lang.reflect.Method.invoke(Method.java:568)
at org.testng.internal.invokers.MethodInvocationHelper.invokeMethod(MethodInvocationHelper.java:139)
at org.testng.internal.invokers.MethodInvocationHelper.invokeMethodConsideringTimeout(MethodInvocationHelper.java:69)
at org.testng.internal.invokers.ConfigInvoker.invokeConfigurationMethod(ConfigInvoker.java:361)
at org.testng.internal.invokers.ConfigInvoker.invokeConfigurations(ConfigInvoker.java:296)
at org.testng.TestRunner.invokeTestConfigurations(TestRunner.java:644)
at org.testng.TestRunner.beforeRun(TestRunner.java:633)
at org.testng.TestRunner.run(TestRunner.java:595)
at org.testng.SuiteRunner.runTest(SuiteRunner.java:437)
at org.testng.SuiteRunner$SuiteWorker.run(SuiteRunner.java:475)
at org.testng.internal.thread.ThreadUtil.lambda$execute$0(ThreadUtil.java:58)
at java.base/java.util.concurrent.FutureTask.run(FutureTask.java:264)
at java.base/java.util.concurrent.ThreadPoolExecutor.runWorker(ThreadPoolExecutor.java:1136)
at java.base/java.util.concurrent.ThreadPoolExecutor$Worker.run(ThreadPoolExecutor.java:635)
at java.base/java.lang.Thread.run(Thread.java:842)
Caused by: org.openqa.selenium.WebDriverException: Timed out waiting for driver server to bind the port.
Build info: version: '4.39.0', revision: '126f156aee'
System info: os.name: 'Windows 11', os.arch: 'amd64', os.version: '10.0', java.version: '17.0.18'
Driver info: driver.version: ChromeDriver
at org.openqa.selenium.remote.service.DriverService.start(DriverService.java:257)
at org.openqa.selenium.remote.service.DriverCommandExecutor.execute(DriverCommandExecutor.java:117)
at org.openqa.selenium.remote.RemoteWebDriver.execute(RemoteWebDriver.java:561)
... 26 more
]]>
            </full-stacktrace>
          </exception> <!-- org.openqa.selenium.SessionNotCreatedException -->
          <reporter-output>
          </reporter-output>
        </test-method> <!-- SearchTest -->
        <test-method is-config="true" signature="attachScreenshot(org.testng.ITestResult)[pri:0, instance:com.qa.opencart.tests.HomePageTest@71f1cc02]" started-at="2026-05-10T07:09:35 IST" name="attachScreenshot" finished-at="2026-05-10T07:09:35 IST" duration-ms="0" status="SKIP">
          <reporter-output>
          </reporter-output>
        </test-method> <!-- attachScreenshot -->
        <test-method signature="SearchTest(java.lang.String,int)[pri:1, instance:com.qa.opencart.tests.HomePageTest@71f1cc02]" started-at="2026-05-10T07:09:35 IST" name="SearchTest" data-provider="getSearchData" finished-at="2026-05-10T07:09:35 IST" duration-ms="0" status="SKIP">
          <params>
            <param index="0">
              <value>
                <![CDATA[canon]]>
              </value>
            </param>
            <param index="1">
              <value>
                <![CDATA[1]]>
              </value>
            </param>
          </params>
          <exception class="org.openqa.selenium.SessionNotCreatedException">
            <message>
              <![CDATA[Could not start a new session. Possible causes are invalid address of the remote server or browser start-up failure. 
Host info: host: 'DEBENDRA', ip: '192.168.1.7']]>
            </message>
            <full-stacktrace>
              <![CDATA[org.openqa.selenium.SessionNotCreatedException: Could not start a new session. Possible causes are invalid address of the remote server or browser start-up failure. 
Host info: host: 'DEBENDRA', ip: '192.168.1.7'
at org.openqa.selenium.remote.RemoteWebDriver.execute(RemoteWebDriver.java:582)
at org.openqa.selenium.remote.RemoteWebDriver.startSession(RemoteWebDriver.java:250)
at org.openqa.selenium.remote.RemoteWebDriver.<init>(RemoteWebDriver.java:178)
at org.openqa.selenium.chromium.ChromiumDriver.<init>(ChromiumDriver.java:109)
at org.openqa.selenium.chrome.ChromeDriver.<init>(ChromeDriver.java:88)
at org.openqa.selenium.chrome.ChromeDriver.<init>(ChromeDriver.java:83)
at org.openqa.selenium.chrome.ChromeDriver.<init>(ChromeDriver.java:72)
at com.qa.opencart.factory.DriverFactory.initDriver(DriverFactory.java:40)
at com.qa.opencart.base.BaseTest.setup(BaseTest.java:52)
at java.base/jdk.internal.reflect.NativeMethodAccessorImpl.invoke0(Native Method)
at java.base/jdk.internal.reflect.NativeMethodAccessorImpl.invoke(NativeMethodAccessorImpl.java:77)
at java.base/jdk.internal.reflect.DelegatingMethodAccessorImpl.invoke(DelegatingMethodAccessorImpl.java:43)
at java.base/java.lang.reflect.Method.invoke(Method.java:568)
at org.testng.internal.invokers.MethodInvocationHelper.invokeMethod(MethodInvocationHelper.java:139)
at org.testng.internal.invokers.MethodInvocationHelper.invokeMethodConsideringTimeout(MethodInvocationHelper.java:69)
at org.testng.internal.invokers.ConfigInvoker.invokeConfigurationMethod(ConfigInvoker.java:361)
at org.testng.internal.invokers.ConfigInvoker.invokeConfigurations(ConfigInvoker.java:296)
at org.testng.TestRunner.invokeTestConfigurations(TestRunner.java:644)
at org.testng.TestRunner.beforeRun(TestRunner.java:633)
at org.testng.TestRunner.run(TestRunner.java:595)
at org.testng.SuiteRunner.runTest(SuiteRunner.java:437)
at org.testng.SuiteRunner$SuiteWorker.run(SuiteRunner.java:475)
at org.testng.internal.thread.ThreadUtil.lambda$execute$0(ThreadUtil.java:58)
at java.base/java.util.concurrent.FutureTask.run(FutureTask.java:264)
at java.base/java.util.concurrent.ThreadPoolExecutor.runWorker(ThreadPoolExecutor.java:1136)
at java.base/java.util.concurrent.ThreadPoolExecutor$Worker.run(ThreadPoolExecutor.java:635)
at java.base/java.lang.Thread.run(Thread.java:842)
Caused by: org.openqa.selenium.WebDriverException: Timed out waiting for driver server to bind the port.
Build info: version: '4.39.0', revision: '126f156aee'
System info: os.name: 'Windows 11', os.arch: 'amd64', os.version: '10.0', java.version: '17.0.18'
Driver info: driver.version: ChromeDriver
at org.openqa.selenium.remote.service.DriverService.start(DriverService.java:257)
at org.openqa.selenium.remote.service.DriverCommandExecutor.execute(DriverCommandExecutor.java:117)
at org.openqa.selenium.remote.RemoteWebDriver.execute(RemoteWebDriver.java:561)
... 26 more
]]>
            </full-stacktrace>
          </exception> <!-- org.openqa.selenium.SessionNotCreatedException -->
          <reporter-output>
          </reporter-output>
        </test-method> <!-- SearchTest -->
        <test-method is-config="true" signature="attachScreenshot(org.testng.ITestResult)[pri:0, instance:com.qa.opencart.tests.HomePageTest@71f1cc02]" started-at="2026-05-10T07:09:36 IST" name="attachScreenshot" finished-at="2026-05-10T07:09:36 IST" duration-ms="0" status="SKIP">
          <reporter-output>
          </reporter-output>
        </test-method> <!-- attachScreenshot -->
        <test-method signature="SearchTest(java.lang.String,int)[pri:1, instance:com.qa.opencart.tests.HomePageTest@71f1cc02]" started-at="2026-05-10T07:09:36 IST" name="SearchTest" data-provider="getSearchData" finished-at="2026-05-10T07:09:36 IST" duration-ms="1" status="SKIP">
          <params>
            <param index="0">
              <value>
                <![CDATA[airtel]]>
              </value>
            </param>
            <param index="1">
              <value>
                <![CDATA[0]]>
              </value>
            </param>
          </params>
          <exception class="org.openqa.selenium.SessionNotCreatedException">
            <message>
              <![CDATA[Could not start a new session. Possible causes are invalid address of the remote server or browser start-up failure. 
Host info: host: 'DEBENDRA', ip: '192.168.1.7']]>
            </message>
            <full-stacktrace>
              <![CDATA[org.openqa.selenium.SessionNotCreatedException: Could not start a new session. Possible causes are invalid address of the remote server or browser start-up failure. 
Host info: host: 'DEBENDRA', ip: '192.168.1.7'
at org.openqa.selenium.remote.RemoteWebDriver.execute(RemoteWebDriver.java:582)
at org.openqa.selenium.remote.RemoteWebDriver.startSession(RemoteWebDriver.java:250)
at org.openqa.selenium.remote.RemoteWebDriver.<init>(RemoteWebDriver.java:178)
at org.openqa.selenium.chromium.ChromiumDriver.<init>(ChromiumDriver.java:109)
at org.openqa.selenium.chrome.ChromeDriver.<init>(ChromeDriver.java:88)
at org.openqa.selenium.chrome.ChromeDriver.<init>(ChromeDriver.java:83)
at org.openqa.selenium.chrome.ChromeDriver.<init>(ChromeDriver.java:72)
at com.qa.opencart.factory.DriverFactory.initDriver(DriverFactory.java:40)
at com.qa.opencart.base.BaseTest.setup(BaseTest.java:52)
at java.base/jdk.internal.reflect.NativeMethodAccessorImpl.invoke0(Native Method)
at java.base/jdk.internal.reflect.NativeMethodAccessorImpl.invoke(NativeMethodAccessorImpl.java:77)
at java.base/jdk.internal.reflect.DelegatingMethodAccessorImpl.invoke(DelegatingMethodAccessorImpl.java:43)
at java.base/java.lang.reflect.Method.invoke(Method.java:568)
at org.testng.internal.invokers.MethodInvocationHelper.invokeMethod(MethodInvocationHelper.java:139)
at org.testng.internal.invokers.MethodInvocationHelper.invokeMethodConsideringTimeout(MethodInvocationHelper.java:69)
at org.testng.internal.invokers.ConfigInvoker.invokeConfigurationMethod(ConfigInvoker.java:361)
at org.testng.internal.invokers.ConfigInvoker.invokeConfigurations(ConfigInvoker.java:296)
at org.testng.TestRunner.invokeTestConfigurations(TestRunner.java:644)
at org.testng.TestRunner.beforeRun(TestRunner.java:633)
at org.testng.TestRunner.run(TestRunner.java:595)
at org.testng.SuiteRunner.runTest(SuiteRunner.java:437)
at org.testng.SuiteRunner$SuiteWorker.run(SuiteRunner.java:475)
at org.testng.internal.thread.ThreadUtil.lambda$execute$0(ThreadUtil.java:58)
at java.base/java.util.concurrent.FutureTask.run(FutureTask.java:264)
at java.base/java.util.concurrent.ThreadPoolExecutor.runWorker(ThreadPoolExecutor.java:1136)
at java.base/java.util.concurrent.ThreadPoolExecutor$Worker.run(ThreadPoolExecutor.java:635)
at java.base/java.lang.Thread.run(Thread.java:842)
Caused by: org.openqa.selenium.WebDriverException: Timed out waiting for driver server to bind the port.
Build info: version: '4.39.0', revision: '126f156aee'
System info: os.name: 'Windows 11', os.arch: 'amd64', os.version: '10.0', java.version: '17.0.18'
Driver info: driver.version: ChromeDriver
at org.openqa.selenium.remote.service.DriverService.start(DriverService.java:257)
at org.openqa.selenium.remote.service.DriverCommandExecutor.execute(DriverCommandExecutor.java:117)
at org.openqa.selenium.remote.RemoteWebDriver.execute(RemoteWebDriver.java:561)
... 26 more
]]>
            </full-stacktrace>
          </exception> <!-- org.openqa.selenium.SessionNotCreatedException -->
          <reporter-output>
          </reporter-output>
        </test-method> <!-- SearchTest -->
        <test-method is-config="true" signature="attachScreenshot(org.testng.ITestResult)[pri:0, instance:com.qa.opencart.tests.HomePageTest@71f1cc02]" started-at="2026-05-10T07:09:36 IST" name="attachScreenshot" finished-at="2026-05-10T07:09:36 IST" duration-ms="0" status="SKIP">
          <reporter-output>
          </reporter-output>
        </test-method> <!-- attachScreenshot -->
        <test-method signature="SearchTest(java.lang.String,int)[pri:1, instance:com.qa.opencart.tests.HomePageTest@71f1cc02]" started-at="2026-05-10T07:09:36 IST" name="SearchTest" data-provider="getSearchData" finished-at="2026-05-10T07:09:36 IST" duration-ms="0" status="SKIP">
          <params>
            <param index="0">
              <value>
                <![CDATA[samsung]]>
              </value>
            </param>
            <param index="1">
              <value>
                <![CDATA[2]]>
              </value>
            </param>
          </params>
          <exception class="org.openqa.selenium.SessionNotCreatedException">
            <message>
              <![CDATA[Could not start a new session. Possible causes are invalid address of the remote server or browser start-up failure. 
Host info: host: 'DEBENDRA', ip: '192.168.1.7']]>
            </message>
            <full-stacktrace>
              <![CDATA[org.openqa.selenium.SessionNotCreatedException: Could not start a new session. Possible causes are invalid address of the remote server or browser start-up failure. 
Host info: host: 'DEBENDRA', ip: '192.168.1.7'
at org.openqa.selenium.remote.RemoteWebDriver.execute(RemoteWebDriver.java:582)
at org.openqa.selenium.remote.RemoteWebDriver.startSession(RemoteWebDriver.java:250)
at org.openqa.selenium.remote.RemoteWebDriver.<init>(RemoteWebDriver.java:178)
at org.openqa.selenium.chromium.ChromiumDriver.<init>(ChromiumDriver.java:109)
at org.openqa.selenium.chrome.ChromeDriver.<init>(ChromeDriver.java:88)
at org.openqa.selenium.chrome.ChromeDriver.<init>(ChromeDriver.java:83)
at org.openqa.selenium.chrome.ChromeDriver.<init>(ChromeDriver.java:72)
at com.qa.opencart.factory.DriverFactory.initDriver(DriverFactory.java:40)
at com.qa.opencart.base.BaseTest.setup(BaseTest.java:52)
at java.base/jdk.internal.reflect.NativeMethodAccessorImpl.invoke0(Native Method)
at java.base/jdk.internal.reflect.NativeMethodAccessorImpl.invoke(NativeMethodAccessorImpl.java:77)
at java.base/jdk.internal.reflect.DelegatingMethodAccessorImpl.invoke(DelegatingMethodAccessorImpl.java:43)
at java.base/java.lang.reflect.Method.invoke(Method.java:568)
at org.testng.internal.invokers.MethodInvocationHelper.invokeMethod(MethodInvocationHelper.java:139)
at org.testng.internal.invokers.MethodInvocationHelper.invokeMethodConsideringTimeout(MethodInvocationHelper.java:69)
at org.testng.internal.invokers.ConfigInvoker.invokeConfigurationMethod(ConfigInvoker.java:361)
at org.testng.internal.invokers.ConfigInvoker.invokeConfigurations(ConfigInvoker.java:296)
at org.testng.TestRunner.invokeTestConfigurations(TestRunner.java:644)
at org.testng.TestRunner.beforeRun(TestRunner.java:633)
at org.testng.TestRunner.run(TestRunner.java:595)
at org.testng.SuiteRunner.runTest(SuiteRunner.java:437)
at org.testng.SuiteRunner$SuiteWorker.run(SuiteRunner.java:475)
at org.testng.internal.thread.ThreadUtil.lambda$execute$0(ThreadUtil.java:58)
at java.base/java.util.concurrent.FutureTask.run(FutureTask.java:264)
at java.base/java.util.concurrent.ThreadPoolExecutor.runWorker(ThreadPoolExecutor.java:1136)
at java.base/java.util.concurrent.ThreadPoolExecutor$Worker.run(ThreadPoolExecutor.java:635)
at java.base/java.lang.Thread.run(Thread.java:842)
Caused by: org.openqa.selenium.WebDriverException: Timed out waiting for driver server to bind the port.
Build info: version: '4.39.0', revision: '126f156aee'
System info: os.name: 'Windows 11', os.arch: 'amd64', os.version: '10.0', java.version: '17.0.18'
Driver info: driver.version: ChromeDriver
at org.openqa.selenium.remote.service.DriverService.start(DriverService.java:257)
at org.openqa.selenium.remote.service.DriverCommandExecutor.execute(DriverCommandExecutor.java:117)
at org.openqa.selenium.remote.RemoteWebDriver.execute(RemoteWebDriver.java:561)
... 26 more
]]>
            </full-stacktrace>
          </exception> <!-- org.openqa.selenium.SessionNotCreatedException -->
          <reporter-output>
          </reporter-output>
        </test-method> <!-- SearchTest -->
        <test-method is-config="true" signature="attachScreenshot(org.testng.ITestResult)[pri:0, instance:com.qa.opencart.tests.HomePageTest@71f1cc02]" started-at="2026-05-10T07:09:36 IST" name="attachScreenshot" finished-at="2026-05-10T07:09:36 IST" duration-ms="0" status="SKIP">
          <reporter-output>
          </reporter-output>
        </test-method> <!-- attachScreenshot -->
        <test-method is-config="true" signature="tearDown()[pri:0, instance:com.qa.opencart.tests.HomePageTest@71f1cc02]" started-at="2026-05-10T07:09:36 IST" name="tearDown" finished-at="2026-05-10T07:09:36 IST" duration-ms="0" status="SKIP">
          <reporter-output>
          </reporter-output>
        </test-method> <!-- tearDown -->
      </class> <!-- com.qa.opencart.tests.HomePageTest -->
    </test> <!-- Home Page Test1 -->
  </suite> <!-- Opencart App Test Regression Suite -->
</testng-results>
