<?xml version="1.0" encoding="UTF-8"?>
<!-- Generated by org.testng.reporters.JUnitReportReporter -->
<testsuite hostname="Debendra" failures="0" tests="8" name="com.qa.opencart.tests.LoginPageTest" time="10.530" errors="0" timestamp="2026-05-09T23:51:14 IST" skipped="0">
  <testcase classname="com.qa.opencart.tests.LoginPageTest" name="logoTest" time="1.275"/>
  <system-out/>
  <testcase classname="com.qa.opencart.tests.LoginPageTest" name="forgotPwdLinkExistTest" time="1.129"/>
  <system-out/>
  <testcase classname="com.qa.opencart.tests.LoginPageTest" name="loginpageTitleTest" time="0.105"/>
  <system-out/>
  <testcase classname="com.qa.opencart.tests.LoginPageTest" name="footerTest" time="0.218"/>
  <system-out/>
  <testcase classname="com.qa.opencart.tests.LoginPageTest" name="loginpageUrlTest" time="0.052"/>
  <system-out/>
  <testcase classname="com.qa.opencart.tests.LoginPageTest" name="footerTest" time="0.269"/>
  <system-out/>
  <testcase classname="com.qa.opencart.tests.LoginPageTest" name="footerTest" time="0.363"/>
  <system-out/>
  <testcase classname="com.qa.opencart.tests.LoginPageTest" name="loginTest" time="7.119"/>
  <system-out/>
</testsuite> <!-- com.qa.opencart.tests.LoginPageTest -->
