<?xml version="1.0" encoding="UTF-8"?>
<!-- Generated by org.testng.reporters.JUnitReportReporter -->
<testsuite hostname="Debendra" failures="1" tests="11" name="com.qa.opencart.tests.HomePageTest" time="29.898" errors="0" timestamp="2026-05-10T08:52:23 IST" skipped="2">
  <testcase classname="com.qa.opencart.tests.HomePageTest" name="logoutLinkExistTest" time="1.128"/>
  <system-out/>
  <testcase classname="com.qa.opencart.tests.HomePageTest" name="homePageTitleTest" time="0.086"/>
  <system-out/>
  <testcase classname="com.qa.opencart.tests.HomePageTest" name="headerTest" time="0.957"/>
  <system-out/>
  <testcase classname="com.qa.opencart.tests.HomePageTest" name="homePageUrlTest" time="0.062"/>
  <system-out/>
  <testcase classname="com.qa.opencart.tests.HomePageTest" name="SearchTest" time="2.552"/>
  <system-out/>
  <testcase classname="com.qa.opencart.tests.HomePageTest" name="SearchTest" time="5.780"/>
  <system-out/>
  <testcase classname="com.qa.opencart.tests.HomePageTest" name="SearchTest" time="13.374"/>
  <system-out/>
  <testcase classname="com.qa.opencart.tests.HomePageTest" name="SearchTest" time="2.711"/>
  <system-out/>
  <testcase classname="com.qa.opencart.tests.HomePageTest" name="SearchTest" time="3.248">
    <failure message="expected [4] but found [3]" type="java.lang.AssertionError">
      <![CDATA[java.lang.AssertionError: expected [4] but found [3]
at org.testng.Assert.fail(Assert.java:110)
at org.testng.Assert.failNotEquals(Assert.java:1413)
at org.testng.Assert.assertEqualsImpl(Assert.java:149)
at org.testng.Assert.assertEquals(Assert.java:131)
at org.testng.Assert.assertEquals(Assert.java:1240)
at org.testng.Assert.assertEquals(Assert.java:1274)
at com.qa.opencart.tests.HomePageTest.SearchTest(HomePageTest.java:54)
at java.base/jdk.internal.reflect.NativeMethodAccessorImpl.invoke0(Native Method)
at java.base/jdk.internal.reflect.NativeMethodAccessorImpl.invoke(NativeMethodAccessorImpl.java:77)
at java.base/jdk.internal.reflect.DelegatingMethodAccessorImpl.invoke(DelegatingMethodAccessorImpl.java:43)
at java.base/java.lang.reflect.Method.invoke(Method.java:568)
at org.testng.internal.invokers.MethodInvocationHelper.invokeMethod(MethodInvocationHelper.java:139)
at org.testng.internal.invokers.TestInvoker.invokeMethod(TestInvoker.java:677)
at org.testng.internal.invokers.TestInvoker.invokeTestMethod(TestInvoker.java:221)
at org.testng.internal.invokers.MethodRunner.runInSequence(MethodRunner.java:50)
at org.testng.internal.invokers.TestInvoker$MethodInvocationAgent.invoke(TestInvoker.java:969)
at org.testng.internal.invokers.TestInvoker.invokeTestMethods(TestInvoker.java:194)
at org.testng.internal.invokers.TestMethodWorker.invokeTestMethods(TestMethodWorker.java:148)
at org.testng.internal.invokers.TestMethodWorker.run(TestMethodWorker.java:128)
at java.base/java.util.ArrayList.forEach(ArrayList.java:1511)
at org.testng.TestRunner.privateRun(TestRunner.java:829)
at org.testng.TestRunner.run(TestRunner.java:602)
at org.testng.SuiteRunner.runTest(SuiteRunner.java:437)
at org.testng.SuiteRunner$SuiteWorker.run(SuiteRunner.java:475)
at org.testng.internal.thread.ThreadUtil.lambda$execute$0(ThreadUtil.java:58)
at java.base/java.util.concurrent.FutureTask.run(FutureTask.java:264)
at java.base/java.util.concurrent.ThreadPoolExecutor.runWorker(ThreadPoolExecutor.java:1136)
at java.base/java.util.concurrent.ThreadPoolExecutor$Worker.run(ThreadPoolExecutor.java:635)
at java.base/java.lang.Thread.run(Thread.java:842)
]]>
    </failure>
  </testcase> <!-- SearchTest -->
  <system-out/>
  <testcase classname="com.qa.opencart.tests.HomePageTest" name="logoTest">
    <skipped/>
  </testcase> <!-- logoTest -->
  <system-out/>
  <testcase classname="com.qa.opencart.tests.HomePageTest" name="footerTest">
    <skipped/>
  </testcase> <!-- footerTest -->
  <system-out/>
</testsuite> <!-- com.qa.opencart.tests.HomePageTest -->
