<?xml version="1.0" encoding="UTF-8"?>
<!-- Generated by org.testng.reporters.JUnitReportReporter -->
<testsuite hostname="Debendra" failures="0" tests="12" name="com.qa.opencart.tests.HomePageTest" time="21.736" errors="1" timestamp="2026-05-10T07:09:38 IST" skipped="11">
  <testcase classname="com.qa.opencart.tests.HomePageTest" name="headerTest" time="0.000">
    <skipped/>
  </testcase> <!-- headerTest -->
  <system-out/>
  <testcase classname="com.qa.opencart.tests.HomePageTest" name="homePageUrlTest" time="0.000">
    <skipped/>
  </testcase> <!-- homePageUrlTest -->
  <system-out/>
  <testcase classname="com.qa.opencart.tests.HomePageTest" name="logoutLinkExistTest" time="0.000">
    <skipped/>
  </testcase> <!-- logoutLinkExistTest -->
  <system-out/>
  <testcase classname="com.qa.opencart.tests.HomePageTest" name="setup" time="21.735">
    <error message="Could not start a new session. Possible causes are invalid address of the remote server or browser start-up failure. 
Host info: host: &#039;DEBENDRA&#039;, ip: &#039;192.168.1.7&#039;" type="org.openqa.selenium.SessionNotCreatedException">
      <![CDATA[org.openqa.selenium.SessionNotCreatedException: Could not start a new session. Possible causes are invalid address of the remote server or browser start-up failure. 
Host info: host: 'DEBENDRA', ip: '192.168.1.7'
at org.openqa.selenium.remote.RemoteWebDriver.execute(RemoteWebDriver.java:582)
at org.openqa.selenium.remote.RemoteWebDriver.startSession(RemoteWebDriver.java:250)
at org.openqa.selenium.remote.RemoteWebDriver.<init>(RemoteWebDriver.java:178)
at org.openqa.selenium.chromium.ChromiumDriver.<init>(ChromiumDriver.java:109)
at org.openqa.selenium.chrome.ChromeDriver.<init>(ChromeDriver.java:88)
at org.openqa.selenium.chrome.ChromeDriver.<init>(ChromeDriver.java:83)
at org.openqa.selenium.chrome.ChromeDriver.<init>(ChromeDriver.java:72)
at com.qa.opencart.factory.DriverFactory.initDriver(DriverFactory.java:40)
at com.qa.opencart.base.BaseTest.setup(BaseTest.java:52)
at java.base/jdk.internal.reflect.NativeMethodAccessorImpl.invoke0(Native Method)
at java.base/jdk.internal.reflect.NativeMethodAccessorImpl.invoke(NativeMethodAccessorImpl.java:77)
at java.base/jdk.internal.reflect.DelegatingMethodAccessorImpl.invoke(DelegatingMethodAccessorImpl.java:43)
at java.base/java.lang.reflect.Method.invoke(Method.java:568)
at org.testng.internal.invokers.MethodInvocationHelper.invokeMethod(MethodInvocationHelper.java:139)
at org.testng.internal.invokers.MethodInvocationHelper.invokeMethodConsideringTimeout(MethodInvocationHelper.java:69)
at org.testng.internal.invokers.ConfigInvoker.invokeConfigurationMethod(ConfigInvoker.java:361)
at org.testng.internal.invokers.ConfigInvoker.invokeConfigurations(ConfigInvoker.java:296)
at org.testng.TestRunner.invokeTestConfigurations(TestRunner.java:644)
at org.testng.TestRunner.beforeRun(TestRunner.java:633)
at org.testng.TestRunner.run(TestRunner.java:595)
at org.testng.SuiteRunner.runTest(SuiteRunner.java:437)
at org.testng.SuiteRunner$SuiteWorker.run(SuiteRunner.java:475)
at org.testng.internal.thread.ThreadUtil.lambda$execute$0(ThreadUtil.java:58)
at java.base/java.util.concurrent.FutureTask.run(FutureTask.java:264)
at java.base/java.util.concurrent.ThreadPoolExecutor.runWorker(ThreadPoolExecutor.java:1136)
at java.base/java.util.concurrent.ThreadPoolExecutor$Worker.run(ThreadPoolExecutor.java:635)
at java.base/java.lang.Thread.run(Thread.java:842)
Caused by: org.openqa.selenium.WebDriverException: Timed out waiting for driver server to bind the port.
Build info: version: '4.39.0', revision: '126f156aee'
System info: os.name: 'Windows 11', os.arch: 'amd64', os.version: '10.0', java.version: '17.0.18'
Driver info: driver.version: ChromeDriver
at org.openqa.selenium.remote.service.DriverService.start(DriverService.java:257)
at org.openqa.selenium.remote.service.DriverCommandExecutor.execute(DriverCommandExecutor.java:117)
at org.openqa.selenium.remote.RemoteWebDriver.execute(RemoteWebDriver.java:561)
... 26 more
]]>
    </error>
  </testcase> <!-- setup -->
  <system-out/>
  <testcase classname="com.qa.opencart.tests.HomePageTest" name="homePageTitleTest" time="0.000">
    <skipped/>
  </testcase> <!-- homePageTitleTest -->
  <system-out/>
  <testcase classname="com.qa.opencart.tests.HomePageTest" name="SearchTest" time="0.000">
    <skipped/>
  </testcase> <!-- SearchTest -->
  <system-out/>
  <testcase classname="com.qa.opencart.tests.HomePageTest" name="SearchTest" time="0.000">
    <skipped/>
  </testcase> <!-- SearchTest -->
  <system-out/>
  <testcase classname="com.qa.opencart.tests.HomePageTest" name="SearchTest" time="0.000">
    <skipped/>
  </testcase> <!-- SearchTest -->
  <system-out/>
  <testcase classname="com.qa.opencart.tests.HomePageTest" name="SearchTest" time="0.000">
    <skipped/>
  </testcase> <!-- SearchTest -->
  <system-out/>
  <testcase classname="com.qa.opencart.tests.HomePageTest" name="SearchTest" time="0.001">
    <skipped/>
  </testcase> <!-- SearchTest -->
  <system-out/>
  <testcase classname="com.qa.opencart.tests.HomePageTest" name="footerTest">
    <skipped/>
  </testcase> <!-- footerTest -->
  <system-out/>
  <testcase classname="com.qa.opencart.tests.HomePageTest" name="logoTest">
    <skipped/>
  </testcase> <!-- logoTest -->
  <system-out/>
</testsuite> <!-- com.qa.opencart.tests.HomePageTest -->
