<?xml version="1.0" encoding="UTF-8"?>
<!-- Generated by org.testng.reporters.JUnitReportReporter -->
<testsuite hostname="WIN-C3IPBAA2TBJ" failures="0" tests="10" name="com.qa.opencart.tests.ProductInfoPageTest" time="46.310" errors="0" timestamp="2026-04-17T00:27:57 IST" skipped="2">
  <testcase classname="com.qa.opencart.tests.ProductInfoPageTest" name="productSearchHeaderTest" time="4.452"/>
  <system-out/>
  <testcase classname="com.qa.opencart.tests.ProductInfoPageTest" name="productInfoTest" time="5.542"/>
  <system-out/>
  <testcase classname="com.qa.opencart.tests.ProductInfoPageTest" name="productSearchHeaderTest" time="4.590"/>
  <system-out/>
  <testcase classname="com.qa.opencart.tests.ProductInfoPageTest" name="productImageCountTest" time="4.753"/>
  <system-out/>
  <testcase classname="com.qa.opencart.tests.ProductInfoPageTest" name="productImageCountTest" time="4.829"/>
  <system-out/>
  <testcase classname="com.qa.opencart.tests.ProductInfoPageTest" name="productSearchHeaderTest" time="4.504"/>
  <system-out/>
  <testcase classname="com.qa.opencart.tests.ProductInfoPageTest" name="AddProductandGoToShoppingcartpage" time="12.685"/>
  <system-out/>
  <testcase classname="com.qa.opencart.tests.ProductInfoPageTest" name="productImageCountTest" time="4.955"/>
  <system-out/>
  <testcase classname="com.qa.opencart.tests.ProductInfoPageTest" name="footerTest">
    <skipped/>
  </testcase> <!-- footerTest -->
  <system-out/>
  <testcase classname="com.qa.opencart.tests.ProductInfoPageTest" name="logoTest">
    <skipped/>
  </testcase> <!-- logoTest -->
  <system-out/>
</testsuite> <!-- com.qa.opencart.tests.ProductInfoPageTest -->
